<?xml version="1.0" encoding="UTF-8"?>
<!-- Generated by org.testng.reporters.JUnitXMLReporter -->
<testsuite ignored="14" hostname="LAPTOP-E6SRQGTN" failures="1" tests="5" name="Regression" time="0.065" errors="0" timestamp="2022-09-30T08:51:53 IST">
  <testcase classname="section16.NewTestDemo" name="f2" time="0.009"/>
  <testcase classname="section16.Annotations" name="OpeningBrowser" time="0.0">
    <failure type="org.testng.TestNGException" message="
Parameter &amp;apos;URL&amp;apos; is required by @Test on method OpeningBrowser but has not been marked @Optional or defined
in D:\IT Skill Up Zone - Practicals\Rahul Shetty Academy\ProjectNextTestGenDemo\testng5.xml">
      <![CDATA[org.testng.TestNGException: 
Parameter 'URL' is required by @Test on method OpeningBrowser but has not been marked @Optional or defined
in D:\IT Skill Up Zone - Practicals\Rahul Shetty Academy\ProjectNextTestGenDemo\testng5.xml
at java.base/java.util.ArrayList.forEach(ArrayList.java:1511)
... Removed 26 stack frames]]>
    </failure>
  </testcase> <!-- OpeningBrowser -->
  <testcase classname="section16.Annotations" name="FlightBooking" time="0.0">
    <skipped/>
  </testcase> <!-- FlightBooking -->
  <testcase classname="section16.Annotations" name="FlightCancel" time="0.0">
    <skipped/>
  </testcase> <!-- FlightCancel -->
  <testcase classname="experiment.TestClass01" name="testMethod2" time="0.001"/>
  <testcase classname="section16.Annotations" name="calc" time="0.0">
    <ignored/>
  </testcase> <!-- calc -->
  <testcase classname="section16.day3" name="WebloginHomeLoan" time="0.0">
    <ignored/>
  </testcase> <!-- WebloginHomeLoan -->
  <testcase classname="experiment.TestClass02" name="testMethod1" time="0.0">
    <ignored/>
  </testcase> <!-- testMethod1 -->
  <testcase classname="section16.NewTestDemo" name="f" time="0.0">
    <ignored/>
  </testcase> <!-- f -->
  <testcase classname="section16.Annotations" name="fail" time="0.0">
    <ignored/>
  </testcase> <!-- fail -->
  <testcase classname="experiment.TestClass01" name="testMethod1" time="0.0">
    <ignored/>
  </testcase> <!-- testMethod1 -->
  <testcase classname="experiment.TestClass02" name="testMethod2" time="0.0">
    <ignored/>
  </testcase> <!-- testMethod2 -->
  <testcase classname="section16.Annotations" name="activities" time="0.0">
    <ignored/>
  </testcase> <!-- activities -->
  <testcase classname="section16.day3" name="MobileLoginHomeLoan" time="0.0">
    <ignored/>
  </testcase> <!-- MobileLoginHomeLoan -->
  <testcase classname="section16.CarLogin" name="intor" time="0.0">
    <ignored/>
  </testcase> <!-- intor -->
  <testcase classname="section16.CarLogin" name="car2loginHomeLoan" time="0.0">
    <ignored/>
  </testcase> <!-- car2loginHomeLoan -->
  <testcase classname="section16.CarLogin" name="car3LoginAPIHomeLoan" time="0.0">
    <ignored/>
  </testcase> <!-- car3LoginAPIHomeLoan -->
  <testcase classname="section16.CarLogin" name="carLoginHomeLoan" time="0.0">
    <ignored/>
  </testcase> <!-- carLoginHomeLoan -->
  <testcase classname="section16.day3" name="LoginAPIHomeLoan" time="0.0">
    <ignored/>
  </testcase> <!-- LoginAPIHomeLoan -->
</testsuite> <!-- Regression -->
