<?xml version="1.0" encoding="UTF-8"?>
<!-- Generated by org.testng.reporters.JUnitXMLReporter -->
<testsuite ignored="0" hostname="LAPTOP-E6SRQGTN" failures="1" tests="3" name="Error Validation Test" time="54.0" errors="0" timestamp="2022-10-07T10:53:22 IST">
  <testcase classname="KamalIndustries.Tests.ErrorValidationsTest" name="loginErrorValidation" time="0.598">
    <skipped/>
  </testcase> <!-- loginErrorValidation -->
  <testcase classname="KamalIndustries.Tests.ErrorValidationsTest" name="loginErrorValidation" time="0.361">
    <failure type="java.lang.AssertionError" message="expected [Incorrect email or password.] but found [Incorrect email or password]">
      <![CDATA[java.lang.AssertionError: expected [Incorrect email or password.] but found [Incorrect email or password]
at KamalIndustries.Tests.ErrorValidationsTest.loginErrorValidation(ErrorValidationsTest.java:21)
at java.base/java.util.ArrayList.forEach(ArrayList.java:1511)
at java.base/java.util.concurrent.FutureTask.run(FutureTask.java:264)
at java.base/java.util.concurrent.ThreadPoolExecutor.runWorker(ThreadPoolExecutor.java:1136)
at java.base/java.util.concurrent.ThreadPoolExecutor$Worker.run(ThreadPoolExecutor.java:635)
at java.base/java.lang.Thread.run(Thread.java:833)
... Removed 21 stack frames]]>
    </failure>
  </testcase> <!-- loginErrorValidation -->
  <testcase classname="KamalIndustries.Tests.ErrorValidationsTest" name="productErrorValidation" time="13.393"/>
</testsuite> <!-- Error Validation Test -->
